2020-11-21 14:01:19.317  INFO 94109 --- [main] m.o.c.s.p.test.profiles.ProfilesTest     : Starting ProfilesTest on trial with PID 94109 (started by xvhx in /Users/xvhx/certificatic-ws/ws-curso-microservices-alumno-cu2/4-Spring-Configuracion-Multi-Perfil)
2020-11-21 14:01:19.319  INFO 94109 --- [main] m.o.c.s.p.test.profiles.ProfilesTest     : The following profiles are active: staging
2020-11-21 14:01:20.760  INFO 94109 --- [main] o.s.s.concurrent.ThreadPoolTaskExecutor  : Initializing ExecutorService 'applicationTaskExecutor'
2020-11-21 14:01:21.085  INFO 94109 --- [main] m.o.c.s.p.test.profiles.ProfilesTest     : Started ProfilesTest in 2.056 seconds (JVM running for 2.765)
2020-11-21 14:01:21.295  INFO 94109 --- [main] m.o.c.s.p.test.profiles.ProfilesTest     : profilesTest [START] ------------------------
2020-11-21 14:01:21.295  INFO 94109 --- [main] m.o.c.s.p.p.bean.ConnectionDataBase      : Connected to: jdbc://staging-server:3306/myapp_db
2020-11-21 14:01:21.295  INFO 94109 --- [main] m.o.c.s.p.test.profiles.ProfilesTest     : profilesTest [END] ------------------------
2020-11-21 14:01:21.320  INFO 94109 --- [Thread-2] o.s.s.concurrent.ThreadPoolTaskExecutor  : Shutting down ExecutorService 'applicationTaskExecutor'
2020-11-21 14:03:49.153  INFO 94161 --- [main] m.o.c.s.p.test.profiles.ProfilesTest     : Starting ProfilesTest on trial with PID 94161 (started by xvhx in /Users/xvhx/certificatic-ws/ws-curso-microservices-alumno-cu2/4-Spring-Configuracion-Multi-Perfil)
2020-11-21 14:03:49.154  INFO 94161 --- [main] m.o.c.s.p.test.profiles.ProfilesTest     : The following profiles are active: staging
2020-11-21 14:03:50.357  INFO 94161 --- [main] o.s.s.concurrent.ThreadPoolTaskExecutor  : Initializing ExecutorService 'applicationTaskExecutor'
2020-11-21 14:03:50.634  INFO 94161 --- [main] m.o.c.s.p.test.profiles.ProfilesTest     : Started ProfilesTest in 1.757 seconds (JVM running for 2.46)
2020-11-21 14:03:50.802  INFO 94161 --- [main] m.o.c.s.p.test.profiles.ProfilesTest     : profilesTest [START] ------------------------
2020-11-21 14:03:50.803  INFO 94161 --- [main] m.o.c.s.p.p.bean.ConnectionDataBase      : Connected to: jdbc://staging-server:3306/myapp_db
2020-11-21 14:03:50.803  INFO 94161 --- [main] m.o.c.s.p.test.profiles.ProfilesTest     : profilesTest [END] ------------------------
2020-11-21 14:03:50.808  INFO 94161 --- [Thread-2] o.s.s.concurrent.ThreadPoolTaskExecutor  : Shutting down ExecutorService 'applicationTaskExecutor'
2020-11-21 14:04:32.347  INFO 94179 --- [main] m.o.c.s.p.test.profiles.ProfilesTest     : Starting ProfilesTest on trial with PID 94179 (started by xvhx in /Users/xvhx/certificatic-ws/ws-curso-microservices-alumno-cu2/4-Spring-Configuracion-Multi-Perfil)
2020-11-21 14:04:32.347  INFO 94179 --- [main] m.o.c.s.p.test.profiles.ProfilesTest     : The following profiles are active: staging
2020-11-21 14:04:33.798  INFO 94179 --- [main] o.s.s.concurrent.ThreadPoolTaskExecutor  : Initializing ExecutorService 'applicationTaskExecutor'
2020-11-21 14:04:34.036  INFO 94179 --- [main] m.o.c.s.p.test.profiles.ProfilesTest     : Started ProfilesTest in 2.01 seconds (JVM running for 2.704)
2020-11-21 14:04:34.228  INFO 94179 --- [main] m.o.c.s.p.test.profiles.ProfilesTest     : profilesTest [START] ------------------------
2020-11-21 14:04:34.229  INFO 94179 --- [main] m.o.c.s.p.p.bean.ConnectionDataBase      : Connected to: jdbc://staging-server:3306/myapp_db
2020-11-21 14:04:34.229  INFO 94179 --- [main] m.o.c.s.p.test.profiles.ProfilesTest     : profilesTest [END] ------------------------
2020-11-21 14:04:34.236  INFO 94179 --- [Thread-2] o.s.s.concurrent.ThreadPoolTaskExecutor  : Shutting down ExecutorService 'applicationTaskExecutor'
